# JRE version: Java(TM) SE Runtime Environment (8.0_121-b13) (build 1.8.0_121-b13)
# Java VM: Java HotSpot(TM) 64-Bit Server VM (25.121-b13 mixed mode windows-amd64 compressed oops)
Heap:
 PSYoungGen      total 200704K, used 58255K [0x00000000d5580000, 0x00000000e4500000, 0x0000000100000000)
  eden space 185856K, 31% used [0x00000000d5580000,0x00000000d8e63d58,0x00000000e0b00000)
  from space 14848K, 0% used [0x00000000e0b00000,0x00000000e0b00000,0x00000000e1980000)
  to   space 11264K, 0% used [0x00000000e1980000,0x00000000e1980000,0x00000000e2480000)
 ParOldGen       total 53760K, used 21158K [0x0000000080000000, 0x0000000083480000, 0x00000000d5580000)
  object space 53760K, 39% used [0x0000000080000000,0x00000000814a9b78,0x0000000083480000)
 Metaspace       used 35502K, capacity 37188K, committed 37464K, reserved 1081344K
  class space    used 4831K, capacity 5169K, committed 5248K, reserved 1048576K
GC Heap History (10 events):
Event: 4.503 GC heap before
{Heap before GC invocations=7 (full 1):
 PSYoungGen      total 71680K, used 66560K [0x00000000d5580000, 0x00000000de880000, 0x0000000100000000)
  eden space 66560K, 100% used [0x00000000d5580000,0x00000000d9680000,0x00000000d9680000)
  from space 5120K, 0% used [0x00000000d9680000,0x00000000d9680000,0x00000000d9b80000)
  to   space 8704K, 0% used [0x00000000de000000,0x00000000de000000,0x00000000de880000)
 ParOldGen       total 53760K, used 8381K [0x0000000080000000, 0x0000000083480000, 0x00000000d5580000)
  object space 53760K, 15% used [0x0000000080000000,0x000000008082f510,0x0000000083480000)
 Metaspace       used 25468K, capacity 26370K, committed 26624K, reserved 1073152K
  class space    used 3468K, capacity 3714K, committed 3840K, reserved 1048576K
Event: 4.514 GC heap after
Heap after GC invocations=7 (full 1):
 PSYoungGen      total 119808K, used 6323K [0x00000000d5580000, 0x00000000de680000, 0x0000000100000000)
  eden space 113152K, 0% used [0x00000000d5580000,0x00000000d5580000,0x00000000dc400000)
  from space 6656K, 94% used [0x00000000de000000,0x00000000de62cc38,0x00000000de680000)
  to   space 8704K, 0% used [0x00000000dd580000,0x00000000dd580000,0x00000000dde00000)
 ParOldGen       total 53760K, used 8453K [0x0000000080000000, 0x0000000083480000, 0x00000000d5580000)
  object space 53760K, 15% used [0x0000000080000000,0x0000000080841520,0x0000000083480000)
 Metaspace       used 25468K, capacity 26370K, committed 26624K, reserved 1073152K
  class space    used 3468K, capacity 3714K, committed 3840K, reserved 1048576K
}
Event: 5.749 GC heap before
{Heap before GC invocations=8 (full 1):
 PSYoungGen      total 119808K, used 119475K [0x00000000d5580000, 0x00000000de680000, 0x0000000100000000)
  eden space 113152K, 100% used [0x00000000d5580000,0x00000000dc400000,0x00000000dc400000)
  from space 6656K, 94% used [0x00000000de000000,0x00000000de62cc38,0x00000000de680000)
  to   space 8704K, 0% used [0x00000000dd580000,0x00000000dd580000,0x00000000dde00000)
 ParOldGen       total 53760K, used 8453K [0x0000000080000000, 0x0000000083480000, 0x00000000d5580000)
  object space 53760K, 15% used [0x0000000080000000,0x0000000080841520,0x0000000083480000)
 Metaspace       used 27800K, capacity 28856K, committed 28928K, reserved 1075200K
  class space    used 3803K, capacity 4045K, committed 4096K, reserved 1048576K
Event: 5.775 GC heap after
Heap after GC invocations=8 (full 1):
 PSYoungGen      total 139776K, used 8678K [0x00000000d5580000, 0x00000000e2480000, 0x0000000100000000)
  eden space 131072K, 0% used [0x00000000d5580000,0x00000000d5580000,0x00000000dd580000)
  from space 8704K, 99% used [0x00000000dd580000,0x00000000dddf9b20,0x00000000dde00000)
  to   space 11264K, 0% used [0x00000000e1980000,0x00000000e1980000,0x00000000e2480000)
 ParOldGen       total 53760K, used 12300K [0x0000000080000000, 0x0000000083480000, 0x00000000d5580000)
  object space 53760K, 22% used [0x0000000080000000,0x0000000080c03020,0x0000000083480000)
 Metaspace       used 27800K, capacity 28856K, committed 28928K, reserved 1075200K
  class space    used 3803K, capacity 4045K, committed 4096K, reserved 1048576K
}
Event: 7.241 GC heap before
{Heap before GC invocations=9 (full 1):
 PSYoungGen      total 139776K, used 139750K [0x00000000d5580000, 0x00000000e2480000, 0x0000000100000000)
  eden space 131072K, 100% used [0x00000000d5580000,0x00000000dd580000,0x00000000dd580000)
  from space 8704K, 99% used [0x00000000dd580000,0x00000000dddf9b20,0x00000000dde00000)
  to   space 11264K, 0% used [0x00000000e1980000,0x00000000e1980000,0x00000000e2480000)
 ParOldGen       total 53760K, used 12300K [0x0000000080000000, 0x0000000083480000, 0x00000000d5580000)
  object space 53760K, 22% used [0x0000000080000000,0x0000000080c03020,0x0000000083480000)
 Metaspace       used 32502K, capacity 34074K, committed 34304K, reserved 1079296K
  class space    used 4473K, capacity 4802K, committed 4864K, reserved 1048576K
Event: 7.265 GC heap after
Heap after GC invocations=9 (full 1):
 PSYoungGen      total 197120K, used 11248K [0x00000000d5580000, 0x00000000e4500000, 0x0000000100000000)
  eden space 185856K, 0% used [0x00000000d5580000,0x00000000d5580000,0x00000000e0b00000)
  from space 11264K, 99% used [0x00000000e1980000,0x00000000e247c030,0x00000000e2480000)
  to   space 14848K, 0% used [0x00000000e0b00000,0x00000000e0b00000,0x00000000e1980000)
 ParOldGen       total 53760K, used 16410K [0x0000000080000000, 0x0000000083480000, 0x00000000d5580000)
  object space 53760K, 30% used [0x0000000080000000,0x0000000081006a98,0x0000000083480000)
 Metaspace       used 32502K, capacity 34074K, committed 34304K, reserved 1079296K
  class space    used 4473K, capacity 4802K, committed 4864K, reserved 1048576K
}
Event: 7.558 GC heap before
{Heap before GC invocations=10 (full 1):
 PSYoungGen      total 197120K, used 23756K [0x00000000d5580000, 0x00000000e4500000, 0x0000000100000000)
  eden space 185856K, 6% used [0x00000000d5580000,0x00000000d61b7118,0x00000000e0b00000)
  from space 11264K, 99% used [0x00000000e1980000,0x00000000e247c030,0x00000000e2480000)
  to   space 14848K, 0% used [0x00000000e0b00000,0x00000000e0b00000,0x00000000e1980000)
 ParOldGen       total 53760K, used 16410K [0x0000000080000000, 0x0000000083480000, 0x00000000d5580000)
  object space 53760K, 30% used [0x0000000080000000,0x0000000081006a98,0x0000000083480000)
 Metaspace       used 33787K, capacity 35386K, committed 35416K, reserved 1079296K
  class space    used 4642K, capacity 4962K, committed 4992K, reserved 1048576K
Event: 7.587 GC heap after
Heap after GC invocations=10 (full 1):
 PSYoungGen      total 200704K, used 13667K [0x00000000d5580000, 0x00000000e4500000, 0x0000000100000000)
  eden space 185856K, 0% used [0x00000000d5580000,0x00000000d5580000,0x00000000e0b00000)
  from space 14848K, 92% used [0x00000000e0b00000,0x00000000e1858e00,0x00000000e1980000)
  to   space 11264K, 0% used [0x00000000e1980000,0x00000000e1980000,0x00000000e2480000)
 ParOldGen       total 53760K, used 18566K [0x0000000080000000, 0x0000000083480000, 0x00000000d5580000)
  object space 53760K, 34% used [0x0000000080000000,0x0000000081221a48,0x0000000083480000)
 Metaspace       used 33787K, capacity 35386K, committed 35416K, reserved 1079296K
  class space    used 4642K, capacity 4962K, committed 4992K, reserved 1048576K
}
Event: 7.587 GC heap before
{Heap before GC invocations=11 (full 2):
 PSYoungGen      total 200704K, used 13667K [0x00000000d5580000, 0x00000000e4500000, 0x0000000100000000)
  eden space 185856K, 0% used [0x00000000d5580000,0x00000000d5580000,0x00000000e0b00000)
  from space 14848K, 92% used [0x00000000e0b00000,0x00000000e1858e00,0x00000000e1980000)
  to   space 11264K, 0% used [0x00000000e1980000,0x00000000e1980000,0x00000000e2480000)
 ParOldGen       total 53760K, used 18566K [0x0000000080000000, 0x0000000083480000, 0x00000000d5580000)
  object space 53760K, 34% used [0x0000000080000000,0x0000000081221a48,0x0000000083480000)
 Metaspace       used 33787K, capacity 35386K, committed 35416K, reserved 1079296K
  class space    used 4642K, capacity 4962K, committed 4992K, reserved 1048576K
Event: 7.740 GC heap after
Heap after GC invocations=11 (full 2):
 PSYoungGen      total 200704K, used 0K [0x00000000d5580000, 0x00000000e4500000, 0x0000000100000000)
  eden space 185856K, 0% used [0x00000000d5580000,0x00000000d5580000,0x00000000e0b00000)
  from space 14848K, 0% used [0x00000000e0b00000,0x00000000e0b00000,0x00000000e1980000)
  to   space 11264K, 0% used [0x00000000e1980000,0x00000000e1980000,0x00000000e2480000)
 ParOldGen       total 53760K, used 21158K [0x0000000080000000, 0x0000000083480000, 0x00000000d5580000)
  object space 53760K, 39% used [0x0000000080000000,0x00000000814a9b78,0x0000000083480000)
 Metaspace       used 33787K, capacity 35386K, committed 35416K, reserved 1079296K
  class space    used 4642K, capacity 4962K, committed 4992K, reserved 1048576K
}

